<?xml version="1.0" encoding="UTF-8"?>
<!-- Generated by org.testng.reporters.JUnitReportReporter -->
<testsuite hostname="DESKTOP-MB4948P" failures="0" tests="1" name="com.w2a.testcases.TestCase_02" time="0.388" errors="0" timestamp="2020-05-22T13:15:27 IST" skipped="0">
  <testcase classname="com.w2a.testcases.TestCase_02" name="verifyLoginPage" time="0.388"/>
  <system-out>
Objects are properly displayed  </system-out>
</testsuite> <!-- com.w2a.testcases.TestCase_02 -->
