<?xml version="1.0" encoding="UTF-8"?>
<!-- Generated by org.testng.reporters.JUnitReportReporter -->
<testsuite hostname="DESKTOP-MB4948P" failures="0" tests="1" name="excercise.Page4" time="0.012" errors="0" timestamp="2020-05-21T18:05:33 IST" skipped="0">
  <testcase classname="excercise.Page4" name="testexecution" time="0.012"/>
  <system-out/>
</testsuite> <!-- excercise.Page4 -->
