<?xml version="1.0" encoding="UTF-8"?>
<!-- Generated by org.testng.reporters.JUnitReportReporter -->
<testsuite hostname="DESKTOP-MB4948P" failures="0" tests="2" name="excercise.Page1" time="0.044" errors="0" timestamp="2020-05-21T18:05:33 IST" skipped="0">
  <testcase classname="excercise.Page1" name="testexecutionTest1" time="0.013"/>
  <system-out/>
  <testcase classname="excercise.Page1" name="testexecutionTest2" time="0.031"/>
  <system-out/>
</testsuite> <!-- excercise.Page1 -->
