<?xml version="1.0" encoding="UTF-8"?>
<!-- Generated by org.testng.reporters.JUnitReportReporter -->
<testsuite hostname="DESKTOP-MB4948P" failures="0" tests="6" name="com.w2a.testcases.Tests" time="8.858" errors="0" timestamp="2020-05-21T12:54:05 IST" skipped="0">
  <testcase classname="com.w2a.testcases.Tests" name="addCustomer" time="1.998"/>
  <system-out/>
  <testcase classname="com.w2a.testcases.Tests" name="addCustomer" time="1.112"/>
  <system-out/>
  <testcase classname="com.w2a.testcases.Tests" name="addCustomer" time="2.602"/>
  <system-out/>
  <testcase classname="com.w2a.testcases.Tests" name="addCustomer" time="1.090"/>
  <system-out/>
  <testcase classname="com.w2a.testcases.Tests" name="addCustomer" time="0.996"/>
  <system-out/>
  <testcase classname="com.w2a.testcases.Tests" name="addCustomer" time="1.060"/>
  <system-out/>
</testsuite> <!-- com.w2a.testcases.Tests -->
